Info: Starting: Create block symbol file (.bsf)
Info: qsys-generate /home/dishoungh/workspace/AMD-to-Altera/Quartus/simple.qsys --block-symbol-file --output-directory=/home/dishoungh/workspace/AMD-to-Altera/Quartus/simple --family="Cyclone V" --part=5CSEMA5F31C6
Progress: Loading Quartus/simple.qsys
Progress: Reading input file
Progress: Adding clk_0 [clock_source 25.1]
Progress: Parameterizing module clk_0
Progress: Adding hps_0 [altera_hps 25.1]
Progress: Parameterizing module hps_0
Progress: Adding led_pio [altera_avalon_pio 25.1]
Progress: Parameterizing module led_pio
Progress: Adding switch_pio [altera_avalon_pio 25.1]
Progress: Parameterizing module switch_pio
Progress: Building connections
Progress: Parameterizing connections
Progress: Validating
Progress: Done reading input file
Info: simple.hps_0: HPS Main PLL counter settings: n = 0  m = 73
Info: simple.hps_0: HPS peripherial PLL counter settings: n = 0  m = 39
Warning: simple.hps_0: "Configuration/HPS-to-FPGA user 0 clock frequency" (desired_cfg_clk_mhz) requested 100.0 MHz, but only achieved 97.368421 MHz
Warning: simple.hps_0: "QSPI clock frequency" (desired_qspi_clk_mhz) requested 400.0 MHz, but only achieved 370.0 MHz
Warning: simple.hps_0: 1 or more output clock frequencies cannot be achieved precisely, consider revising desired output clock frequencies.
Warning: simple.hps_0: HPS model no longer supports simulation for HPS FPGA Bridges.
Info: simple.switch_pio: PIO inputs are not hardwired in test bench. Undefined values will be read from PIO inputs during simulation.
Info: qsys-generate succeeded.
Info: Finished: Create block symbol file (.bsf)
Info: 
Info: Starting: Create HDL design files for synthesis
Info: qsys-generate /home/dishoungh/workspace/AMD-to-Altera/Quartus/simple.qsys --synthesis=VERILOG --output-directory=/home/dishoungh/workspace/AMD-to-Altera/Quartus/simple/synthesis --family="Cyclone V" --part=5CSEMA5F31C6
Progress: Loading Quartus/simple.qsys
Progress: Reading input file
Progress: Adding clk_0 [clock_source 25.1]
Progress: Parameterizing module clk_0
Progress: Adding hps_0 [altera_hps 25.1]
Progress: Parameterizing module hps_0
Progress: Adding led_pio [altera_avalon_pio 25.1]
Progress: Parameterizing module led_pio
Progress: Adding switch_pio [altera_avalon_pio 25.1]
Progress: Parameterizing module switch_pio
Progress: Building connections
Progress: Parameterizing connections
Progress: Validating
Progress: Done reading input file
Info: simple.hps_0: HPS Main PLL counter settings: n = 0  m = 73
Info: simple.hps_0: HPS peripherial PLL counter settings: n = 0  m = 39
Warning: simple.hps_0: "Configuration/HPS-to-FPGA user 0 clock frequency" (desired_cfg_clk_mhz) requested 100.0 MHz, but only achieved 97.368421 MHz
Warning: simple.hps_0: "QSPI clock frequency" (desired_qspi_clk_mhz) requested 400.0 MHz, but only achieved 370.0 MHz
Warning: simple.hps_0: 1 or more output clock frequencies cannot be achieved precisely, consider revising desired output clock frequencies.
Warning: simple.hps_0: HPS model no longer supports simulation for HPS FPGA Bridges.
Info: simple.switch_pio: PIO inputs are not hardwired in test bench. Undefined values will be read from PIO inputs during simulation.
Info: simple: Generating "simple" for QUARTUS_SYNTH
Info: hps_0: "Running  for module: hps_0"
Info: hps_0: HPS Main PLL counter settings: n = 0  m = 73
Info: hps_0: HPS peripherial PLL counter settings: n = 0  m = 39
Warning: hps_0: "Configuration/HPS-to-FPGA user 0 clock frequency" (desired_cfg_clk_mhz) requested 100.0 MHz, but only achieved 97.368421 MHz
Warning: hps_0: "QSPI clock frequency" (desired_qspi_clk_mhz) requested 400.0 MHz, but only achieved 370.0 MHz
Warning: hps_0: 1 or more output clock frequencies cannot be achieved precisely, consider revising desired output clock frequencies.
Warning: hps_0: HPS model no longer supports simulation for HPS FPGA Bridges.
Info: hps_0: "simple" instantiated altera_hps "hps_0"
Info: led_pio: Starting RTL generation for module 'simple_led_pio'
Info: led_pio:   Generation command is [exec /opt/Altera/altera_lite/25.1std/quartus/linux64/perl/bin/perl -I /opt/Altera/altera_lite/25.1std/quartus/linux64/perl/lib -I /opt/Altera/altera_lite/25.1std/quartus/sopc_builder/bin/europa -I /opt/Altera/altera_lite/25.1std/quartus/sopc_builder/bin -I /opt/Altera/altera_lite/25.1std/quartus/../ip/altera/sopc_builder_ip/common -I /opt/Altera/altera_lite/25.1std/quartus/../ip/altera/sopc_builder_ip/altera_avalon_pio -- /opt/Altera/altera_lite/25.1std/quartus/../ip/altera/sopc_builder_ip/altera_avalon_pio/generate_rtl.pl --name=simple_led_pio --dir=/tmp/alt0519_8894038773332357309.dir/0002_led_pio_gen/ --quartus_dir=/opt/Altera/altera_lite/25.1std/quartus --verilog --config=/tmp/alt0519_8894038773332357309.dir/0002_led_pio_gen//simple_led_pio_component_configuration.pl  --do_build_sim=0  ]
Info: led_pio: Done RTL generation for module 'simple_led_pio'
Info: led_pio: "simple" instantiated altera_avalon_pio "led_pio"
Info: switch_pio: Starting RTL generation for module 'simple_switch_pio'
Info: switch_pio:   Generation command is [exec /opt/Altera/altera_lite/25.1std/quartus/linux64/perl/bin/perl -I /opt/Altera/altera_lite/25.1std/quartus/linux64/perl/lib -I /opt/Altera/altera_lite/25.1std/quartus/sopc_builder/bin/europa -I /opt/Altera/altera_lite/25.1std/quartus/sopc_builder/bin -I /opt/Altera/altera_lite/25.1std/quartus/../ip/altera/sopc_builder_ip/common -I /opt/Altera/altera_lite/25.1std/quartus/../ip/altera/sopc_builder_ip/altera_avalon_pio -- /opt/Altera/altera_lite/25.1std/quartus/../ip/altera/sopc_builder_ip/altera_avalon_pio/generate_rtl.pl --name=simple_switch_pio --dir=/tmp/alt0519_8894038773332357309.dir/0003_switch_pio_gen/ --quartus_dir=/opt/Altera/altera_lite/25.1std/quartus --verilog --config=/tmp/alt0519_8894038773332357309.dir/0003_switch_pio_gen//simple_switch_pio_component_configuration.pl  --do_build_sim=0  ]
Info: switch_pio: Done RTL generation for module 'simple_switch_pio'
Info: switch_pio: "simple" instantiated altera_avalon_pio "switch_pio"
Info: avalon_st_adapter: Inserting error_adapter: error_adapter_0
Info: avalon_st_adapter_001: Inserting error_adapter: error_adapter_0
Info: mm_interconnect_0: "simple" instantiated altera_mm_interconnect "mm_interconnect_0"
Info: rst_controller: "simple" instantiated altera_reset_controller "rst_controller"
Info: fpga_interfaces: "hps_0" instantiated altera_interface_generator "fpga_interfaces"
Info: hps_io: "hps_0" instantiated altera_hps_io "hps_io"
Info: led_pio_s1_translator: "mm_interconnect_0" instantiated altera_merlin_slave_translator "led_pio_s1_translator"
Info: hps_0_h2f_lw_axi_master_agent: "mm_interconnect_0" instantiated altera_merlin_axi_master_ni "hps_0_h2f_lw_axi_master_agent"
Info: led_pio_s1_agent: "mm_interconnect_0" instantiated altera_merlin_slave_agent "led_pio_s1_agent"
Info: led_pio_s1_agent_rsp_fifo: "mm_interconnect_0" instantiated altera_avalon_sc_fifo "led_pio_s1_agent_rsp_fifo"
Info: router: "mm_interconnect_0" instantiated altera_merlin_router "router"
Info: router_002: "mm_interconnect_0" instantiated altera_merlin_router "router_002"
Info: hps_0_h2f_lw_axi_master_wr_limiter: "mm_interconnect_0" instantiated altera_merlin_traffic_limiter "hps_0_h2f_lw_axi_master_wr_limiter"
Info: Reusing file /home/dishoungh/workspace/AMD-to-Altera/Quartus/simple/synthesis/submodules/altera_avalon_sc_fifo.v
Info: led_pio_s1_burst_adapter: "mm_interconnect_0" instantiated altera_merlin_burst_adapter "led_pio_s1_burst_adapter"
Info: Reusing file /home/dishoungh/workspace/AMD-to-Altera/Quartus/simple/synthesis/submodules/altera_merlin_address_alignment.sv
Info: Reusing file /home/dishoungh/workspace/AMD-to-Altera/Quartus/simple/synthesis/submodules/altera_avalon_st_pipeline_base.v
Info: cmd_demux: "mm_interconnect_0" instantiated altera_merlin_demultiplexer "cmd_demux"
Info: cmd_mux: "mm_interconnect_0" instantiated altera_merlin_multiplexer "cmd_mux"
Info: rsp_demux: "mm_interconnect_0" instantiated altera_merlin_demultiplexer "rsp_demux"
Info: rsp_mux: "mm_interconnect_0" instantiated altera_merlin_multiplexer "rsp_mux"
Info: Reusing file /home/dishoungh/workspace/AMD-to-Altera/Quartus/simple/synthesis/submodules/altera_merlin_arbitrator.sv
Info: avalon_st_adapter: "mm_interconnect_0" instantiated altera_avalon_st_adapter "avalon_st_adapter"
Info: border: "hps_io" instantiated altera_interface_generator "border"
Info: error_adapter_0: "avalon_st_adapter" instantiated error_adapter "error_adapter_0"
Info: simple: Done "simple" with 23 modules, 80 files
Info: qsys-generate succeeded.
Info: Finished: Create HDL design files for synthesis
